# JRE version: Java(TM) SE Runtime Environment (8.0_112-b15) (build 1.8.0_112-b15)
# Java VM: Java HotSpot(TM) 64-Bit Server VM (25.112-b15 mixed mode windows-amd64 compressed oops)
Heap:
 PSYoungGen      total 53248K, used 47896K [0x00000007bc400000, 0x00000007c0000000, 0x00000007c0000000)
  eden space 45056K, 94% used [0x00000007bc400000,0x00000007bedb0600,0x00000007bf000000)
  from space 8192K, 63% used [0x00000007bf800000,0x00000007bfd15d30,0x00000007c0000000)
  to   space 8192K, 0% used [0x00000007bf000000,0x00000007bf000000,0x00000007bf800000)
 ParOldGen       total 147456K, used 76874K [0x0000000700000000, 0x0000000709000000, 0x00000007bc400000)
  object space 147456K, 52% used [0x0000000700000000,0x0000000704b12a10,0x0000000709000000)
 Metaspace       used 72024K, capacity 72763K, committed 73472K, reserved 1112064K
  class space    used 9725K, capacity 9886K, committed 9984K, reserved 1048576K
GC Heap History (10 events):
Event: 2537.686 GC heap before
{Heap before GC invocations=202 (full 6):
 PSYoungGen      total 56320K, used 55306K [0x00000007bc400000, 0x00000007c0000000, 0x00000007c0000000)
  eden space 51200K, 100% used [0x00000007bc400000,0x00000007bf600000,0x00000007bf600000)
  from space 5120K, 80% used [0x00000007bf600000,0x00000007bfa02890,0x00000007bfb00000)
  to   space 5120K, 0% used [0x00000007bfb00000,0x00000007bfb00000,0x00000007c0000000)
 ParOldGen       total 147456K, used 68395K [0x0000000700000000, 0x0000000709000000, 0x00000007bc400000)
  object space 147456K, 46% used [0x0000000700000000,0x00000007042cad00,0x0000000709000000)
 Metaspace       used 70674K, capacity 71303K, committed 71936K, reserved 1112064K
  class space    used 9489K, capacity 9646K, committed 9728K, reserved 1048576K
Event: 2537.692 GC heap after
Heap after GC invocations=202 (full 6):
 PSYoungGen      total 56320K, used 4312K [0x00000007bc400000, 0x00000007c0000000, 0x00000007c0000000)
  eden space 51200K, 0% used [0x00000007bc400000,0x00000007bc400000,0x00000007bf600000)
  from space 5120K, 84% used [0x00000007bfb00000,0x00000007bff361b0,0x00000007c0000000)
  to   space 5120K, 0% used [0x00000007bf600000,0x00000007bf600000,0x00000007bfb00000)
 ParOldGen       total 147456K, used 68419K [0x0000000700000000, 0x0000000709000000, 0x00000007bc400000)
  object space 147456K, 46% used [0x0000000700000000,0x00000007042d0d00,0x0000000709000000)
 Metaspace       used 70674K, capacity 71303K, committed 71936K, reserved 1112064K
  class space    used 9489K, capacity 9646K, committed 9728K, reserved 1048576K
}
Event: 2554.875 GC heap before
{Heap before GC invocations=203 (full 6):
 PSYoungGen      total 56320K, used 55512K [0x00000007bc400000, 0x00000007c0000000, 0x00000007c0000000)
  eden space 51200K, 100% used [0x00000007bc400000,0x00000007bf600000,0x00000007bf600000)
  from space 5120K, 84% used [0x00000007bfb00000,0x00000007bff361b0,0x00000007c0000000)
  to   space 5120K, 0% used [0x00000007bf600000,0x00000007bf600000,0x00000007bfb00000)
 ParOldGen       total 147456K, used 68419K [0x0000000700000000, 0x0000000709000000, 0x00000007bc400000)
  object space 147456K, 46% used [0x0000000700000000,0x00000007042d0d00,0x0000000709000000)
 Metaspace       used 70690K, capacity 71373K, committed 71936K, reserved 1112064K
  class space    used 9490K, capacity 9647K, committed 9728K, reserved 1048576K
Event: 2554.890 GC heap after
Heap after GC invocations=203 (full 6):
 PSYoungGen      total 56320K, used 3219K [0x00000007bc400000, 0x00000007c0000000, 0x00000007c0000000)
  eden space 51200K, 0% used [0x00000007bc400000,0x00000007bc400000,0x00000007bf600000)
  from space 5120K, 62% used [0x00000007bf600000,0x00000007bf924c50,0x00000007bfb00000)
  to   space 5120K, 0% used [0x00000007bfb00000,0x00000007bfb00000,0x00000007c0000000)
 ParOldGen       total 147456K, used 69482K [0x0000000700000000, 0x0000000709000000, 0x00000007bc400000)
  object space 147456K, 47% used [0x0000000700000000,0x00000007043da9a8,0x0000000709000000)
 Metaspace       used 70690K, capacity 71373K, committed 71936K, reserved 1112064K
  class space    used 9490K, capacity 9647K, committed 9728K, reserved 1048576K
}
Event: 2582.500 GC heap before
{Heap before GC invocations=204 (full 6):
 PSYoungGen      total 56320K, used 54419K [0x00000007bc400000, 0x00000007c0000000, 0x00000007c0000000)
  eden space 51200K, 100% used [0x00000007bc400000,0x00000007bf600000,0x00000007bf600000)
  from space 5120K, 62% used [0x00000007bf600000,0x00000007bf924c50,0x00000007bfb00000)
  to   space 5120K, 0% used [0x00000007bfb00000,0x00000007bfb00000,0x00000007c0000000)
 ParOldGen       total 147456K, used 69483K [0x0000000700000000, 0x0000000709000000, 0x00000007bc400000)
  object space 147456K, 47% used [0x0000000700000000,0x00000007043dafe8,0x0000000709000000)
 Metaspace       used 71874K, capacity 72655K, committed 73088K, reserved 1112064K
  class space    used 9693K, capacity 9852K, committed 9856K, reserved 1048576K
Event: 2582.514 GC heap after
Heap after GC invocations=204 (full 6):
 PSYoungGen      total 50176K, used 5114K [0x00000007bc400000, 0x00000007c0000000, 0x00000007c0000000)
  eden space 45056K, 0% used [0x00000007bc400000,0x00000007bc400000,0x00000007bf000000)
  from space 5120K, 99% used [0x00000007bfb00000,0x00000007bfffebc0,0x00000007c0000000)
  to   space 8192K, 0% used [0x00000007bf000000,0x00000007bf000000,0x00000007bf800000)
 ParOldGen       total 147456K, used 76673K [0x0000000700000000, 0x0000000709000000, 0x00000007bc400000)
  object space 147456K, 51% used [0x0000000700000000,0x0000000704ae07c8,0x0000000709000000)
 Metaspace       used 71874K, capacity 72655K, committed 73088K, reserved 1112064K
  class space    used 9693K, capacity 9852K, committed 9856K, reserved 1048576K
}
Event: 2591.282 GC heap before
{Heap before GC invocations=205 (full 6):
 PSYoungGen      total 50176K, used 50170K [0x00000007bc400000, 0x00000007c0000000, 0x00000007c0000000)
  eden space 45056K, 100% used [0x00000007bc400000,0x00000007bf000000,0x00000007bf000000)
  from space 5120K, 99% used [0x00000007bfb00000,0x00000007bfffebc0,0x00000007c0000000)
  to   space 8192K, 0% used [0x00000007bf000000,0x00000007bf000000,0x00000007bf800000)
 ParOldGen       total 147456K, used 76674K [0x0000000700000000, 0x0000000709000000, 0x00000007bc400000)
  object space 147456K, 51% used [0x0000000700000000,0x0000000704ae0a10,0x0000000709000000)
 Metaspace       used 71894K, capacity 72667K, committed 73088K, reserved 1112064K
  class space    used 9696K, capacity 9854K, committed 9856K, reserved 1048576K
Event: 2591.292 GC heap after
Heap after GC invocations=205 (full 6):
 PSYoungGen      total 53248K, used 4013K [0x00000007bc400000, 0x00000007c0000000, 0x00000007c0000000)
  eden space 45056K, 0% used [0x00000007bc400000,0x00000007bc400000,0x00000007bf000000)
  from space 8192K, 48% used [0x00000007bf000000,0x00000007bf3eb5a8,0x00000007bf800000)
  to   space 8192K, 0% used [0x00000007bf800000,0x00000007bf800000,0x00000007c0000000)
 ParOldGen       total 147456K, used 76874K [0x0000000700000000, 0x0000000709000000, 0x00000007bc400000)
  object space 147456K, 52% used [0x0000000700000000,0x0000000704b12a10,0x0000000709000000)
 Metaspace       used 71894K, capacity 72667K, committed 73088K, reserved 1112064K
  class space    used 9696K, capacity 9854K, committed 9856K, reserved 1048576K
}
Event: 2595.957 GC heap before
{Heap before GC invocations=206 (full 6):
 PSYoungGen      total 53248K, used 49069K [0x00000007bc400000, 0x00000007c0000000, 0x00000007c0000000)
  eden space 45056K, 100% used [0x00000007bc400000,0x00000007bf000000,0x00000007bf000000)
  from space 8192K, 48% used [0x00000007bf000000,0x00000007bf3eb5a8,0x00000007bf800000)
  to   space 8192K, 0% used [0x00000007bf800000,0x00000007bf800000,0x00000007c0000000)
 ParOldGen       total 147456K, used 76874K [0x0000000700000000, 0x0000000709000000, 0x00000007bc400000)
  object space 147456K, 52% used [0x0000000700000000,0x0000000704b12a10,0x0000000709000000)
 Metaspace       used 71898K, capacity 72667K, committed 73088K, reserved 1112064K
  class space    used 9696K, capacity 9854K, committed 9856K, reserved 1048576K
Event: 2595.972 GC heap after
Heap after GC invocations=206 (full 6):
 PSYoungGen      total 53248K, used 5207K [0x00000007bc400000, 0x00000007c0000000, 0x00000007c0000000)
  eden space 45056K, 0% used [0x00000007bc400000,0x00000007bc400000,0x00000007bf000000)
  from space 8192K, 63% used [0x00000007bf800000,0x00000007bfd15d30,0x00000007c0000000)
  to   space 8192K, 0% used [0x00000007bf000000,0x00000007bf000000,0x00000007bf800000)
 ParOldGen       total 147456K, used 76874K [0x0000000700000000, 0x0000000709000000, 0x00000007bc400000)
  object space 147456K, 52% used [0x0000000700000000,0x0000000704b12a10,0x0000000709000000)
 Metaspace       used 71898K, capacity 72667K, committed 73088K, reserved 1112064K
  class space    used 9696K, capacity 9854K, committed 9856K, reserved 1048576K
}

